# JRE version: OpenJDK Runtime Environment (7.0_79-b14) (build 1.7.0_79-b14)
# Java VM: OpenJDK 64-Bit Server VM (24.79-b02 mixed mode linux-amd64 compressed oops)
Heap
 PSYoungGen      total 856064K, used 260746K [0x00000007ad200000, 0x0000000800000000, 0x0000000800000000)
  eden space 762880K, 25% used [0x00000007ad200000,0x00000007b929f770,0x00000007dbb00000)
  from space 93184K, 68% used [0x00000007dbb00000,0x00000007df9030e0,0x00000007e1600000)
  to   space 104960K, 0% used [0x00000007f9980000,0x00000007f9980000,0x0000000800000000)
 ParOldGen       total 312320K, used 174952K [0x0000000707600000, 0x000000071a700000, 0x00000007ad200000)
  object space 312320K, 56% used [0x0000000707600000,0x00000007120da0d8,0x000000071a700000)
 PSPermGen       total 21504K, used 7757K [0x00000006fd000000, 0x00000006fe500000, 0x0000000707600000)
  object space 21504K, 36% used [0x00000006fd000000,0x00000006fd793598,0x00000006fe500000)
GC Heap History (10 events):
Event: 2.109 GC heap before
{Heap before GC invocations=8 (full 0):
 PSYoungGen      total 282624K, used 275948K [0x00000007ad200000, 0x00000007d0000000, 0x0000000800000000)
  eden space 252416K, 100% used [0x00000007ad200000,0x00000007bc880000,0x00000007bc880000)
  from space 30208K, 77% used [0x00000007bc880000,0x00000007bdf7b190,0x00000007be600000)
  to   space 33280K, 0% used [0x00000007cdf80000,0x00000007cdf80000,0x00000007d0000000)
 ParOldGen       total 169472K, used 20972K [0x0000000707600000, 0x0000000711b80000, 0x00000007ad200000)
  object space 169472K, 12% used [0x0000000707600000,0x0000000708a7b050,0x0000000711b80000)
 PSPermGen       total 21504K, used 7757K [0x00000006fd000000, 0x00000006fe500000, 0x0000000707600000)
  object space 21504K, 36% used [0x00000006fd000000,0x00000006fd793658,0x00000006fe500000)
Event: 2.144 GC heap after
Heap after GC invocations=8 (full 0):
 PSYoungGen      total 524288K, used 33271K [0x00000007ad200000, 0x00000007d1b00000, 0x0000000800000000)
  eden space 491008K, 0% used [0x00000007ad200000,0x00000007ad200000,0x00000007cb180000)
  from space 33280K, 99% used [0x00000007cdf80000,0x00000007cfffdd80,0x00000007d0000000)
  to   space 47104K, 0% used [0x00000007cb180000,0x00000007cb180000,0x00000007cdf80000)
 ParOldGen       total 169472K, used 38904K [0x0000000707600000, 0x0000000711b80000, 0x00000007ad200000)
  object space 169472K, 22% used [0x0000000707600000,0x0000000709bfe3f8,0x0000000711b80000)
 PSPermGen       total 21504K, used 7757K [0x00000006fd000000, 0x00000006fe500000, 0x0000000707600000)
  object space 21504K, 36% used [0x00000006fd000000,0x00000006fd793658,0x00000006fe500000)
}
Event: 2.387 GC heap before
{Heap before GC invocations=9 (full 0):
 PSYoungGen      total 524288K, used 524279K [0x00000007ad200000, 0x00000007d1b00000, 0x0000000800000000)
  eden space 491008K, 100% used [0x00000007ad200000,0x00000007cb180000,0x00000007cb180000)
  from space 33280K, 99% used [0x00000007cdf80000,0x00000007cfffdd80,0x00000007d0000000)
  to   space 47104K, 0% used [0x00000007cb180000,0x00000007cb180000,0x00000007cdf80000)
 ParOldGen       total 169472K, used 38904K [0x0000000707600000, 0x0000000711b80000, 0x00000007ad200000)
  object space 169472K, 22% used [0x0000000707600000,0x0000000709bfe3f8,0x0000000711b80000)
 PSPermGen       total 21504K, used 7758K [0x00000006fd000000, 0x00000006fe500000, 0x0000000707600000)
  object space 21504K, 36% used [0x00000006fd000000,0x00000006fd793828,0x00000006fe500000)
Event: 2.444 GC heap after
Heap after GC invocations=9 (full 0):
 PSYoungGen      total 538112K, used 47104K [0x00000007ad200000, 0x00000007e5a80000, 0x0000000800000000)
  eden space 491008K, 0% used [0x00000007ad200000,0x00000007ad200000,0x00000007cb180000)
  from space 47104K, 100% used [0x00000007cb180000,0x00000007cdf80000,0x00000007cdf80000)
  to   space 70144K, 0% used [0x00000007e1600000,0x00000007e1600000,0x00000007e5a80000)
 ParOldGen       total 169472K, used 76166K [0x0000000707600000, 0x0000000711b80000, 0x00000007ad200000)
  object space 169472K, 44% used [0x0000000707600000,0x000000070c0619d8,0x0000000711b80000)
 PSPermGen       total 21504K, used 7758K [0x00000006fd000000, 0x00000006fe500000, 0x0000000707600000)
  object space 21504K, 36% used [0x00000006fd000000,0x00000006fd793828,0x00000006fe500000)
}
Event: 2.590 GC heap before
{Heap before GC invocations=10 (full 0):
 PSYoungGen      total 538112K, used 538112K [0x00000007ad200000, 0x00000007e5a80000, 0x0000000800000000)
  eden space 491008K, 100% used [0x00000007ad200000,0x00000007cb180000,0x00000007cb180000)
  from space 47104K, 100% used [0x00000007cb180000,0x00000007cdf80000,0x00000007cdf80000)
  to   space 70144K, 0% used [0x00000007e1600000,0x00000007e1600000,0x00000007e5a80000)
 ParOldGen       total 169472K, used 76166K [0x0000000707600000, 0x0000000711b80000, 0x00000007ad200000)
  object space 169472K, 44% used [0x0000000707600000,0x000000070c0619d8,0x0000000711b80000)
 PSPermGen       total 21504K, used 7758K [0x00000006fd000000, 0x00000006fe500000, 0x0000000707600000)
  object space 21504K, 36% used [0x00000006fd000000,0x00000006fd793828,0x00000006fe500000)
Event: 2.657 GC heap after
Heap after GC invocations=10 (full 0):
 PSYoungGen      total 833024K, used 70119K [0x00000007ad200000, 0x00000007e8780000, 0x0000000800000000)
  eden space 762880K, 0% used [0x00000007ad200000,0x00000007ad200000,0x00000007dbb00000)
  from space 70144K, 99% used [0x00000007e1600000,0x00000007e5a79c20,0x00000007e5a80000)
  to   space 93184K, 0% used [0x00000007dbb00000,0x00000007dbb00000,0x00000007e1600000)
 ParOldGen       total 169472K, used 105172K [0x0000000707600000, 0x0000000711b80000, 0x00000007ad200000)
  object space 169472K, 62% used [0x0000000707600000,0x000000070dcb5038,0x0000000711b80000)
 PSPermGen       total 21504K, used 7758K [0x00000006fd000000, 0x00000006fe500000, 0x0000000707600000)
  object space 21504K, 36% used [0x00000006fd000000,0x00000006fd793828,0x00000006fe500000)
}
Event: 2.920 GC heap before
{Heap before GC invocations=11 (full 0):
 PSYoungGen      total 833024K, used 832999K [0x00000007ad200000, 0x00000007e8780000, 0x0000000800000000)
  eden space 762880K, 100% used [0x00000007ad200000,0x00000007dbb00000,0x00000007dbb00000)
  from space 70144K, 99% used [0x00000007e1600000,0x00000007e5a79c20,0x00000007e5a80000)
  to   space 93184K, 0% used [0x00000007dbb00000,0x00000007dbb00000,0x00000007e1600000)
 ParOldGen       total 169472K, used 105172K [0x0000000707600000, 0x0000000711b80000, 0x00000007ad200000)
  object space 169472K, 62% used [0x0000000707600000,0x000000070dcb5038,0x0000000711b80000)
 PSPermGen       total 21504K, used 7758K [0x00000006fd000000, 0x00000006fe500000, 0x0000000707600000)
  object space 21504K, 36% used [0x00000006fd000000,0x00000006fd793828,0x00000006fe500000)
Event: 3.007 GC heap after
Heap after GC invocations=11 (full 0):
 PSYoungGen      total 856064K, used 81608K [0x00000007ad200000, 0x0000000800000000, 0x0000000800000000)
  eden space 762880K, 0% used [0x00000007ad200000,0x00000007ad200000,0x00000007dbb00000)
  from space 93184K, 87% used [0x00000007dbb00000,0x00000007e0ab2218,0x00000007e1600000)
  to   space 104960K, 0% used [0x00000007f9980000,0x00000007f9980000,0x0000000800000000)
 ParOldGen       total 175104K, used 174619K [0x0000000707600000, 0x0000000712100000, 0x00000007ad200000)
  object space 175104K, 99% used [0x0000000707600000,0x0000000712086d78,0x0000000712100000)
 PSPermGen       total 21504K, used 7758K [0x00000006fd000000, 0x00000006fe500000, 0x0000000707600000)
  object space 21504K, 36% used [0x00000006fd000000,0x00000006fd793828,0x00000006fe500000)
}
Event: 3.007 GC heap before
{Heap before GC invocations=12 (full 1):
 PSYoungGen      total 856064K, used 81608K [0x00000007ad200000, 0x0000000800000000, 0x0000000800000000)
  eden space 762880K, 0% used [0x00000007ad200000,0x00000007ad200000,0x00000007dbb00000)
  from space 93184K, 87% used [0x00000007dbb00000,0x00000007e0ab2218,0x00000007e1600000)
  to   space 104960K, 0% used [0x00000007f9980000,0x00000007f9980000,0x0000000800000000)
 ParOldGen       total 175104K, used 174619K [0x0000000707600000, 0x0000000712100000, 0x00000007ad200000)
  object space 175104K, 99% used [0x0000000707600000,0x0000000712086d78,0x0000000712100000)
 PSPermGen       total 21504K, used 7758K [0x00000006fd000000, 0x00000006fe500000, 0x0000000707600000)
  object space 21504K, 36% used [0x00000006fd000000,0x00000006fd793828,0x00000006fe500000)
Event: 3.340 GC heap after
Heap after GC invocations=12 (full 1):
 PSYoungGen      total 856064K, used 63500K [0x00000007ad200000, 0x0000000800000000, 0x0000000800000000)
  eden space 762880K, 0% used [0x00000007ad200000,0x00000007ad200000,0x00000007dbb00000)
  from space 93184K, 68% used [0x00000007dbb00000,0x00000007df9030e0,0x00000007e1600000)
  to   space 104960K, 0% used [0x00000007f9980000,0x00000007f9980000,0x0000000800000000)
 ParOldGen       total 312320K, used 174952K [0x0000000707600000, 0x000000071a700000, 0x00000007ad200000)
  object space 312320K, 56% used [0x0000000707600000,0x00000007120da0d8,0x000000071a700000)
 PSPermGen       total 21504K, used 7756K [0x00000006fd000000, 0x00000006fe500000, 0x0000000707600000)
  object space 21504K, 36% used [0x00000006fd000000,0x00000006fd793020,0x00000006fe500000)
}

